-------------------------------------------------------------------------------
Test set: CucumberRunnerTest
-------------------------------------------------------------------------------
Tests run: 7, Failures: 0, Errors: 1, Skipped: 0, Time elapsed: 43.21 s <<< FAILURE! -- in CucumberRunnerTest
User Login.Successful login -- Time elapsed: 13.82 s <<< ERROR!
org.openqa.selenium.TimeoutException: 
Expected condition failed: waiting for visibility of element located by By.cssSelector: .flash.success (tried for 10 second(s) with 500 milliseconds interval)
Build info: version: '4.12.1', revision: '8e34639b11'
System info: os.name: 'Windows 11', os.arch: 'amd64', os.version: '10.0', java.version: '23.0.2'
Driver info: org.openqa.selenium.chrome.ChromeDriver
Capabilities {acceptInsecureCerts: false, browserName: chrome, browserVersion: 147.0.7727.102, chrome: {chromedriverVersion: 147.0.7727.117 (474cc805edd..., userDataDir: C:/Users/lenovo/Desktop/PFE...}, fedcm:accounts: true, goog:chromeOptions: {debuggerAddress: localhost:8196}, goog:processID: 22592, networkConnectionEnabled: false, pageLoadStrategy: normal, platformName: windows, proxy: Proxy(), se:cdp: ws://localhost:8196/devtool..., se:cdpVersion: 147.0.7727.102, setWindowRect: true, strictFileInteractability: false, timeouts: {implicit: 0, pageLoad: 300000, script: 30000}, unhandledPromptBehavior: dismiss and notify, webauthn:extension:credBlob: true, webauthn:extension:largeBlob: true, webauthn:extension:minPinLength: true, webauthn:extension:prf: true, webauthn:virtualAuthenticators: true}
Session ID: 24f6ee998a0b32da9426996d9b50c31e
	at org.openqa.selenium.support.ui.WebDriverWait.timeoutException(WebDriverWait.java:84)
	at org.openqa.selenium.support.ui.FluentWait.until(FluentWait.java:230)
	at pages.loginPage.getSuccessMessage(loginPage.java:42)
	at StepDefinitions.LoginStep.userSeesSuccessfulLoginMessage(LoginStep.java:75)
	at ✽.the user should see a successful login message(file:///C:/Users/lenovo/Desktop/PFE%202026/Projet/Smart-QA-Assistant/gherkin-QA/demo/src/test/resources/features/login.feature:10)

