<?xml version="1.0" encoding="UTF-8"?>
<testsuite xmlns:xsi="http://www.w3.org/2001/XMLSchema-instance" xsi:noNamespaceSchemaLocation="https://maven.apache.org/surefire/maven-surefire-plugin/xsd/surefire-test-report-3.0.xsd" version="3.0" name="CucumberRunnerTest" time="43.211" tests="7" errors="1" skipped="0" failures="0">
  <properties>
[...]
</properties>
  <testcase name="Toggle checkboxes successfully" classname="Checkboxes Management" time="6.172">
    <system-out><![CDATA[📊 Statuts détectés par Cucumber : [passed, passed, passed, passed, passed, passed]
🔗 Match : [passed] -> When the user clicks on checkbox 1
🔗 Match : [passed] -> Then checkbox 1 should be "selected"
🔗 Match : [passed] -> When the user clicks on checkbox 2
🔗 Match : [passed] -> Then checkbox 2 should be "unselected"
]]></system-out>
    <system-err><![CDATA[SLF4J(W): No SLF4J providers were found.
SLF4J(W): Defaulting to no-operation (NOP) logger implementation
SLF4J(W): See https://www.slf4j.org/codes.html#noProviders for further details.
mai 05, 2026 12:43:23 PM org.openqa.selenium.devtools.CdpVersionFinder findNearestMatch
WARNING: Unable to find CDP implementation matching 147
mai 05, 2026 12:43:23 PM org.openqa.selenium.chromium.ChromiumDriver lambda$new$5
WARNING: Unable to find version of CDP to use for 147.0.7727.102. You may need to include a dependency on a specific version of the CDP using something similar to `org.seleniumhq.selenium:selenium-devtools-v86:4.12.1` where the version ("v86") matches the version of the chromium-based browser you're using and the version number of the artifact is the same as Selenium's.
]]></system-err>
  </testcase>
  <testcase name="Incorrect initial state verification #1" classname="Checkboxes Management" time="2.935">
    <system-out><![CDATA[📊 Statuts détectés par Cucumber : [passed, passed, passed]
🔗 Match : [passed] -> Then checkbox <number> should be "<expected_state>"
]]></system-out>
    <system-err><![CDATA[mai 05, 2026 12:43:27 PM org.openqa.selenium.devtools.CdpVersionFinder findNearestMatch
WARNING: Unable to find CDP implementation matching 147
mai 05, 2026 12:43:27 PM org.openqa.selenium.chromium.ChromiumDriver lambda$new$5
WARNING: Unable to find version of CDP to use for 147.0.7727.102. You may need to include a dependency on a specific version of the CDP using something similar to `org.seleniumhq.selenium:selenium-devtools-v86:4.12.1` where the version ("v86") matches the version of the chromium-based browser you're using and the version number of the artifact is the same as Selenium's.
]]></system-err>
  </testcase>
  <testcase name="Incorrect initial state verification #2" classname="Checkboxes Management" time="2.932">
    <system-out><![CDATA[📊 Statuts détectés par Cucumber : [passed, passed, passed]
🔗 Match : [passed] -> Then checkbox <number> should be "<expected_state>"
]]></system-out>
    <system-err><![CDATA[mai 05, 2026 12:43:30 PM org.openqa.selenium.devtools.CdpVersionFinder findNearestMatch
WARNING: Unable to find CDP implementation matching 147
mai 05, 2026 12:43:30 PM org.openqa.selenium.chromium.ChromiumDriver lambda$new$5
WARNING: Unable to find version of CDP to use for 147.0.7727.102. You may need to include a dependency on a specific version of the CDP using something similar to `org.seleniumhq.selenium:selenium-devtools-v86:4.12.1` where the version ("v86") matches the version of the chromium-based browser you're using and the version number of the artifact is the same as Selenium's.
]]></system-err>
  </testcase>
  <testcase name="Wait for hidden element" classname="Dynamic Loading Wait" time="8.397">
    <system-out><![CDATA[📊 Statuts détectés par Cucumber : [passed, passed, passed, passed]
🔗 Match : [passed] -> Given the user is on the dynamic loading page
🔗 Match : [passed] -> When the user clicks the start button
🔗 Match : [passed] -> Then the loading finish text should be "Hello World!"
]]></system-out>
    <system-err><![CDATA[mai 05, 2026 12:43:33 PM org.openqa.selenium.devtools.CdpVersionFinder findNearestMatch
WARNING: Unable to find CDP implementation matching 147
mai 05, 2026 12:43:33 PM org.openqa.selenium.chromium.ChromiumDriver lambda$new$5
WARNING: Unable to find version of CDP to use for 147.0.7727.102. You may need to include a dependency on a specific version of the CDP using something similar to `org.seleniumhq.selenium:selenium-devtools-v86:4.12.1` where the version ("v86") matches the version of the chromium-based browser you're using and the version number of the artifact is the same as Selenium's.
]]></system-err>
  </testcase>
  <testcase name="Successful login" classname="User Login" time="13.823">
    <error message="Expected condition failed: waiting for visibility of element located by By.cssSelector: .flash.success (tried for 10 second(s) with 500 milliseconds interval)&#10;Build info: version: &apos;4.12.1&apos;, revision: &apos;8e34639b11&apos;&#10;System info: os.name: &apos;Windows 11&apos;, os.arch: &apos;amd64&apos;, os.version: &apos;10.0&apos;, java.version: &apos;23.0.2&apos;&#10;Driver info: org.openqa.selenium.chrome.ChromeDriver&#10;Capabilities {acceptInsecureCerts: false, browserName: chrome, browserVersion: 147.0.7727.102, chrome: {chromedriverVersion: 147.0.7727.117 (474cc805edd..., userDataDir: C:/Users/lenovo/Desktop/PFE...}, fedcm:accounts: true, goog:chromeOptions: {debuggerAddress: localhost:8196}, goog:processID: 22592, networkConnectionEnabled: false, pageLoadStrategy: normal, platformName: windows, proxy: Proxy(), se:cdp: ws://localhost:8196/devtool..., se:cdpVersion: 147.0.7727.102, setWindowRect: true, strictFileInteractability: false, timeouts: {implicit: 0, pageLoad: 300000, script: 30000}, unhandledPromptBehavior: dismiss and notify, webauthn:extension:credBlob: true, webauthn:extension:largeBlob: true, webauthn:extension:minPinLength: true, webauthn:extension:prf: true, webauthn:virtualAuthenticators: true}&#10;Session ID: 24f6ee998a0b32da9426996d9b50c31e" type="org.openqa.selenium.TimeoutException"><![CDATA[org.openqa.selenium.TimeoutException: 
Expected condition failed: waiting for visibility of element located by By.cssSelector: .flash.success (tried for 10 second(s) with 500 milliseconds interval)
Build info: version: '4.12.1', revision: '8e34639b11'
System info: os.name: 'Windows 11', os.arch: 'amd64', os.version: '10.0', java.version: '23.0.2'
Driver info: org.openqa.selenium.chrome.ChromeDriver
Capabilities {acceptInsecureCerts: false, browserName: chrome, browserVersion: 147.0.7727.102, chrome: {chromedriverVersion: 147.0.7727.117 (474cc805edd..., userDataDir: C:/Users/lenovo/Desktop/PFE...}, fedcm:accounts: true, goog:chromeOptions: {debuggerAddress: localhost:8196}, goog:processID: 22592, networkConnectionEnabled: false, pageLoadStrategy: normal, platformName: windows, proxy: Proxy(), se:cdp: ws://localhost:8196/devtool..., se:cdpVersion: 147.0.7727.102, setWindowRect: true, strictFileInteractability: false, timeouts: {implicit: 0, pageLoad: 300000, script: 30000}, unhandledPromptBehavior: dismiss and notify, webauthn:extension:credBlob: true, webauthn:extension:largeBlob: true, webauthn:extension:minPinLength: true, webauthn:extension:prf: true, webauthn:virtualAuthenticators: true}
Session ID: 24f6ee998a0b32da9426996d9b50c31e
	at org.openqa.selenium.support.ui.WebDriverWait.timeoutException(WebDriverWait.java:84)
	at org.openqa.selenium.support.ui.FluentWait.until(FluentWait.java:230)
	at pages.loginPage.getSuccessMessage(loginPage.java:42)
	at StepDefinitions.LoginStep.userSeesSuccessfulLoginMessage(LoginStep.java:75)
	at ✽.the user should see a successful login message(file:///C:/Users/lenovo/Desktop/PFE%202026/Projet/Smart-QA-Assistant/gherkin-QA/demo/src/test/resources/features/login.feature:10)
]]></error>
    <system-out><![CDATA[📊 Statuts détectés par Cucumber : [passed, passed, passed, passed, passed, failed]
🔗 Match : [passed] -> Given the user is on the login page
🔗 Match : [passed] -> When the user enters a username as "<username>"
🔗 Match : [passed] -> And the user enters a password as "<password>"
🔗 Match : [passed] -> And clicks on the login button
🔗 Match : [passed] -> Then the user should see a successful login message
]]></system-out>
    <system-err><![CDATA[mai 05, 2026 12:43:41 PM org.openqa.selenium.devtools.CdpVersionFinder findNearestMatch
WARNING: Unable to find CDP implementation matching 147
mai 05, 2026 12:43:41 PM org.openqa.selenium.chromium.ChromiumDriver lambda$new$5
WARNING: Unable to find version of CDP to use for 147.0.7727.102. You may need to include a dependency on a specific version of the CDP using something similar to `org.seleniumhq.selenium:selenium-devtools-v86:4.12.1` where the version ("v86") matches the version of the chromium-based browser you're using and the version number of the artifact is the same as Selenium's.
]]></system-err>
  </testcase>
  <testcase name="Failed login #1" classname="User Login" time="3.813">
    <system-out><![CDATA[📊 Statuts détectés par Cucumber : [passed, passed, passed, passed, passed, passed]
🔗 Match : [passed] -> Given the user is on the login page
🔗 Match : [passed] -> When the user enters a username as "<username>"
🔗 Match : [passed] -> And the user enters a password as "<password>"
🔗 Match : [passed] -> And clicks on the login button
🔗 Match : [passed] -> Then the user should see a login failure message
]]></system-out>
    <system-err><![CDATA[mai 05, 2026 12:43:55 PM org.openqa.selenium.devtools.CdpVersionFinder findNearestMatch
WARNING: Unable to find CDP implementation matching 147
mai 05, 2026 12:43:55 PM org.openqa.selenium.chromium.ChromiumDriver lambda$new$5
WARNING: Unable to find version of CDP to use for 147.0.7727.102. You may need to include a dependency on a specific version of the CDP using something similar to `org.seleniumhq.selenium:selenium-devtools-v86:4.12.1` where the version ("v86") matches the version of the chromium-based browser you're using and the version number of the artifact is the same as Selenium's.
]]></system-err>
  </testcase>
  <testcase name="Failed login #2" classname="User Login" time="3.968">
    <system-out><![CDATA[📊 Statuts détectés par Cucumber : [passed, passed, passed, passed, passed, passed]
🔗 Match : [passed] -> Given the user is on the login page
🔗 Match : [passed] -> When the user enters a username as "<username>"
🔗 Match : [passed] -> And the user enters a password as "<password>"
🔗 Match : [passed] -> And clicks on the login button
🔗 Match : [passed] -> Then the user should see a login failure message
]]></system-out>
    <system-err><![CDATA[mai 05, 2026 12:43:59 PM org.openqa.selenium.devtools.CdpVersionFinder findNearestMatch
WARNING: Unable to find CDP implementation matching 147
mai 05, 2026 12:43:59 PM org.openqa.selenium.chromium.ChromiumDriver lambda$new$5
WARNING: Unable to find version of CDP to use for 147.0.7727.102. You may need to include a dependency on a specific version of the CDP using something similar to `org.seleniumhq.selenium:selenium-devtools-v86:4.12.1` where the version ("v86") matches the version of the chromium-based browser you're using and the version number of the artifact is the same as Selenium's.
]]></system-err>
  </testcase>
</testsuite>