<?xml version="1.0" encoding="UTF-8"?>
<testsuite xmlns:xsi="http://www.w3.org/2001/XMLSchema-instance" xsi:noNamespaceSchemaLocation="https://maven.apache.org/surefire/maven-surefire-plugin/xsd/surefire-test-report-3.0.xsd" version="3.0" name="CucumberRunnerTest" time="101.883" tests="13" errors="3" skipped="0" failures="2">
  <properties>
[...]
</properties>
  <testcase name="Toggle checkboxes successfully" classname="Checkboxes Management" time="5.856">
    <system-out><![CDATA[📊 Statuts détectés par Cucumber : [passed, passed, passed, passed, passed, passed]
🔗 Match : [passed] -> When the user clicks on checkbox 1
🔗 Match : [passed] -> Then checkbox 1 should be "selected"
🔗 Match : [passed] -> When the user clicks on checkbox 2
🔗 Match : [passed] -> Then checkbox 2 should be "unselected"
]]></system-out>
    <system-err><![CDATA[SLF4J(W): No SLF4J providers were found.
SLF4J(W): Defaulting to no-operation (NOP) logger implementation
SLF4J(W): See https://www.slf4j.org/codes.html#noProviders for further details.
mai 18, 2026 1:21:35 AM org.openqa.selenium.devtools.CdpVersionFinder findNearestMatch
WARNING: Unable to find CDP implementation matching 148
mai 18, 2026 1:21:35 AM org.openqa.selenium.chromium.ChromiumDriver lambda$new$5
WARNING: Unable to find version of CDP to use for 148.0.7778.168. You may need to include a dependency on a specific version of the CDP using something similar to `org.seleniumhq.selenium:selenium-devtools-v86:4.12.1` where the version ("v86") matches the version of the chromium-based browser you're using and the version number of the artifact is the same as Selenium's.
]]></system-err>
  </testcase>
  <testcase name="Incorrect initial state verification #1" classname="Checkboxes Management" time="2.846">
    <system-out><![CDATA[📊 Statuts détectés par Cucumber : [passed, passed, passed]
🔗 Match : [passed] -> Then checkbox <number> should be "<expected_state>"
]]></system-out>
    <system-err><![CDATA[mai 18, 2026 1:21:39 AM org.openqa.selenium.devtools.CdpVersionFinder findNearestMatch
WARNING: Unable to find CDP implementation matching 148
mai 18, 2026 1:21:39 AM org.openqa.selenium.chromium.ChromiumDriver lambda$new$5
WARNING: Unable to find version of CDP to use for 148.0.7778.168. You may need to include a dependency on a specific version of the CDP using something similar to `org.seleniumhq.selenium:selenium-devtools-v86:4.12.1` where the version ("v86") matches the version of the chromium-based browser you're using and the version number of the artifact is the same as Selenium's.
]]></system-err>
  </testcase>
  <testcase name="Incorrect initial state verification #2" classname="Checkboxes Management" time="3.057">
    <system-out><![CDATA[📊 Statuts détectés par Cucumber : [passed, passed, passed]
🔗 Match : [passed] -> Then checkbox <number> should be "<expected_state>"
]]></system-out>
    <system-err><![CDATA[mai 18, 2026 1:21:41 AM org.openqa.selenium.devtools.CdpVersionFinder findNearestMatch
WARNING: Unable to find CDP implementation matching 148
mai 18, 2026 1:21:41 AM org.openqa.selenium.chromium.ChromiumDriver lambda$new$5
WARNING: Unable to find version of CDP to use for 148.0.7778.168. You may need to include a dependency on a specific version of the CDP using something similar to `org.seleniumhq.selenium:selenium-devtools-v86:4.12.1` where the version ("v86") matches the version of the chromium-based browser you're using and the version number of the artifact is the same as Selenium's.
]]></system-err>
  </testcase>
  <testcase name="Wait for hidden element" classname="Dynamic Loading Wait" time="8.644">
    <system-out><![CDATA[📊 Statuts détectés par Cucumber : [passed, passed, passed, passed]
🔗 Match : [passed] -> Given the user is on the dynamic loading page
🔗 Match : [passed] -> When the user clicks the start button
🔗 Match : [passed] -> Then the loading finish text should be "Hello World!"
]]></system-out>
    <system-err><![CDATA[mai 18, 2026 1:21:45 AM org.openqa.selenium.devtools.CdpVersionFinder findNearestMatch
WARNING: Unable to find CDP implementation matching 148
mai 18, 2026 1:21:45 AM org.openqa.selenium.chromium.ChromiumDriver lambda$new$5
WARNING: Unable to find version of CDP to use for 148.0.7778.168. You may need to include a dependency on a specific version of the CDP using something similar to `org.seleniumhq.selenium:selenium-devtools-v86:4.12.1` where the version ("v86") matches the version of the chromium-based browser you're using and the version number of the artifact is the same as Selenium's.
]]></system-err>
  </testcase>
  <testcase name="Successful login" classname="User Login" time="14.285">
    <error message="Expected condition failed: waiting for visibility of element located by By.cssSelector: .flash.success (tried for 10 second(s) with 500 milliseconds interval)&#10;Build info: version: &apos;4.12.1&apos;, revision: &apos;8e34639b11&apos;&#10;System info: os.name: &apos;Windows 11&apos;, os.arch: &apos;amd64&apos;, os.version: &apos;10.0&apos;, java.version: &apos;23.0.2&apos;&#10;Driver info: org.openqa.selenium.chrome.ChromeDriver&#10;Capabilities {acceptInsecureCerts: false, browserName: chrome, browserVersion: 148.0.7778.168, chrome: {chromedriverVersion: 148.0.7778.167 (65db666ac2c..., userDataDir: C:/Users/lenovo/Desktop/PFE...}, fedcm:accounts: true, goog:chromeOptions: {debuggerAddress: localhost:4873}, goog:processID: 17040, networkConnectionEnabled: false, pageLoadStrategy: normal, platformName: windows, proxy: Proxy(), se:cdp: ws://localhost:4873/devtool..., se:cdpVersion: 148.0.7778.168, setWindowRect: true, strictFileInteractability: false, timeouts: {implicit: 0, pageLoad: 300000, script: 30000}, unhandledPromptBehavior: dismiss and notify, webauthn:extension:credBlob: true, webauthn:extension:largeBlob: true, webauthn:extension:minPinLength: true, webauthn:extension:prf: true, webauthn:virtualAuthenticators: true}&#10;Session ID: 8680493061338357a985c5869752bc1c" type="org.openqa.selenium.TimeoutException"><![CDATA[org.openqa.selenium.TimeoutException: 
Expected condition failed: waiting for visibility of element located by By.cssSelector: .flash.success (tried for 10 second(s) with 500 milliseconds interval)
Build info: version: '4.12.1', revision: '8e34639b11'
System info: os.name: 'Windows 11', os.arch: 'amd64', os.version: '10.0', java.version: '23.0.2'
Driver info: org.openqa.selenium.chrome.ChromeDriver
Capabilities {acceptInsecureCerts: false, browserName: chrome, browserVersion: 148.0.7778.168, chrome: {chromedriverVersion: 148.0.7778.167 (65db666ac2c..., userDataDir: C:/Users/lenovo/Desktop/PFE...}, fedcm:accounts: true, goog:chromeOptions: {debuggerAddress: localhost:4873}, goog:processID: 17040, networkConnectionEnabled: false, pageLoadStrategy: normal, platformName: windows, proxy: Proxy(), se:cdp: ws://localhost:4873/devtool..., se:cdpVersion: 148.0.7778.168, setWindowRect: true, strictFileInteractability: false, timeouts: {implicit: 0, pageLoad: 300000, script: 30000}, unhandledPromptBehavior: dismiss and notify, webauthn:extension:credBlob: true, webauthn:extension:largeBlob: true, webauthn:extension:minPinLength: true, webauthn:extension:prf: true, webauthn:virtualAuthenticators: true}
Session ID: 8680493061338357a985c5869752bc1c
	at org.openqa.selenium.support.ui.WebDriverWait.timeoutException(WebDriverWait.java:84)
	at org.openqa.selenium.support.ui.FluentWait.until(FluentWait.java:230)
	at pages.loginPage.getSuccessMessage(loginPage.java:42)
	at StepDefinitions.LoginStep.userSeesSuccessfulLoginMessage(LoginStep.java:75)
	at ✽.the user should see a successful login message(file:///C:/Users/lenovo/Desktop/PFE%202026/Projet/Smart-QA-Assistant/gherkin-QA/demo/src/test/resources/features/login.feature:10)
]]></error>
    <system-out><![CDATA[📊 Statuts détectés par Cucumber : [passed, passed, passed, passed, passed, failed]
🔗 Match : [passed] -> Given the user is on the login page
🔗 Match : [passed] -> When the user enters a username as "<username>"
🔗 Match : [passed] -> And the user enters a password as "<password>"
🔗 Match : [passed] -> And clicks on the login button
🔗 Match : [passed] -> Then the user should see a successful login message
]]></system-out>
    <system-err><![CDATA[mai 18, 2026 1:21:53 AM org.openqa.selenium.devtools.CdpVersionFinder findNearestMatch
WARNING: Unable to find CDP implementation matching 148
mai 18, 2026 1:21:53 AM org.openqa.selenium.chromium.ChromiumDriver lambda$new$5
WARNING: Unable to find version of CDP to use for 148.0.7778.168. You may need to include a dependency on a specific version of the CDP using something similar to `org.seleniumhq.selenium:selenium-devtools-v86:4.12.1` where the version ("v86") matches the version of the chromium-based browser you're using and the version number of the artifact is the same as Selenium's.
]]></system-err>
  </testcase>
  <testcase name="Failed login #1" classname="User Login" time="3.946">
    <system-out><![CDATA[📊 Statuts détectés par Cucumber : [passed, passed, passed, passed, passed, passed]
🔗 Match : [passed] -> Given the user is on the login page
🔗 Match : [passed] -> When the user enters a username as "<username>"
🔗 Match : [passed] -> And the user enters a password as "<password>"
🔗 Match : [passed] -> And clicks on the login button
🔗 Match : [passed] -> Then the user should see a login failure message
]]></system-out>
    <system-err><![CDATA[mai 18, 2026 1:22:08 AM org.openqa.selenium.devtools.CdpVersionFinder findNearestMatch
WARNING: Unable to find CDP implementation matching 148
mai 18, 2026 1:22:08 AM org.openqa.selenium.chromium.ChromiumDriver lambda$new$5
WARNING: Unable to find version of CDP to use for 148.0.7778.168. You may need to include a dependency on a specific version of the CDP using something similar to `org.seleniumhq.selenium:selenium-devtools-v86:4.12.1` where the version ("v86") matches the version of the chromium-based browser you're using and the version number of the artifact is the same as Selenium's.
]]></system-err>
  </testcase>
  <testcase name="Failed login #2" classname="User Login" time="3.887">
    <system-out><![CDATA[📊 Statuts détectés par Cucumber : [passed, passed, passed, passed, passed, passed]
🔗 Match : [passed] -> Given the user is on the login page
🔗 Match : [passed] -> When the user enters a username as "<username>"
🔗 Match : [passed] -> And the user enters a password as "<password>"
🔗 Match : [passed] -> And clicks on the login button
🔗 Match : [passed] -> Then the user should see a login failure message
]]></system-out>
    <system-err><![CDATA[mai 18, 2026 1:22:12 AM org.openqa.selenium.devtools.CdpVersionFinder findNearestMatch
WARNING: Unable to find CDP implementation matching 148
mai 18, 2026 1:22:12 AM org.openqa.selenium.chromium.ChromiumDriver lambda$new$5
WARNING: Unable to find version of CDP to use for 148.0.7778.168. You may need to include a dependency on a specific version of the CDP using something similar to `org.seleniumhq.selenium:selenium-devtools-v86:4.12.1` where the version ("v86") matches the version of the chromium-based browser you're using and the version number of the artifact is the same as Selenium's.
]]></system-err>
  </testcase>
  <testcase name="Add product to cart" classname="SauceDemo E-commerce Full Flow" time="13.696">
    <failure message="Cart badge should show 1 but was 0 ==&gt; expected: &lt;1&gt; but was: &lt;0&gt;" type="org.opentest4j.AssertionFailedError"><![CDATA[org.opentest4j.AssertionFailedError: Cart badge should show 1 but was 0 ==> expected: <1> but was: <0>
	at StepDefinitions.SauceDemoStep.verifyCartBadge(SauceDemoStep.java:94)
	at ✽.the cart badge should show 1 item(file:///C:/Users/lenovo/Desktop/PFE%202026/Projet/Smart-QA-Assistant/gherkin-QA/demo/src/test/resources/features/saucedemo.feature:15)
]]></failure>
    <system-out><![CDATA[📊 Statuts détectés par Cucumber : [passed, passed, passed, passed, passed, passed, passed, passed, failed]
🔗 Match : [passed] -> When the user adds the first product to the cart
🔗 Match : [passed] -> Then the cart badge should show 1 item
]]></system-out>
    <system-err><![CDATA[mai 18, 2026 1:22:15 AM org.openqa.selenium.devtools.CdpVersionFinder findNearestMatch
WARNING: Unable to find CDP implementation matching 148
mai 18, 2026 1:22:15 AM org.openqa.selenium.chromium.ChromiumDriver lambda$new$5
WARNING: Unable to find version of CDP to use for 148.0.7778.168. You may need to include a dependency on a specific version of the CDP using something similar to `org.seleniumhq.selenium:selenium-devtools-v86:4.12.1` where the version ("v86") matches the version of the chromium-based browser you're using and the version number of the artifact is the same as Selenium's.
]]></system-err>
  </testcase>
  <testcase name="Add specific product #1" classname="SauceDemo E-commerce Full Flow" time="14.099">
    <failure message="Cart badge should show 1 but was 0 ==&gt; expected: &lt;1&gt; but was: &lt;0&gt;" type="org.opentest4j.AssertionFailedError"><![CDATA[org.opentest4j.AssertionFailedError: Cart badge should show 1 but was 0 ==> expected: <1> but was: <0>
	at StepDefinitions.SauceDemoStep.verifyCartBadge(SauceDemoStep.java:94)
	at ✽.the cart badge should show 1 item(file:///C:/Users/lenovo/Desktop/PFE%202026/Projet/Smart-QA-Assistant/gherkin-QA/demo/src/test/resources/features/saucedemo.feature:20)
]]></failure>
    <system-out><![CDATA[📊 Statuts détectés par Cucumber : [passed, passed, passed, passed, passed, passed, passed, passed, failed]
🔗 Match : [passed] -> When the user adds "<product>" to the cart
🔗 Match : [passed] -> Then the cart badge should show 1 item
]]></system-out>
    <system-err><![CDATA[mai 18, 2026 1:22:29 AM org.openqa.selenium.devtools.CdpVersionFinder findNearestMatch
WARNING: Unable to find CDP implementation matching 148
mai 18, 2026 1:22:29 AM org.openqa.selenium.chromium.ChromiumDriver lambda$new$5
WARNING: Unable to find version of CDP to use for 148.0.7778.168. You may need to include a dependency on a specific version of the CDP using something similar to `org.seleniumhq.selenium:selenium-devtools-v86:4.12.1` where the version ("v86") matches the version of the chromium-based browser you're using and the version number of the artifact is the same as Selenium's.
]]></system-err>
  </testcase>
  <testcase name="Add specific product #2" classname="SauceDemo E-commerce Full Flow" time="8.883">
    <system-out><![CDATA[📊 Statuts détectés par Cucumber : [passed, passed, passed, passed, passed, passed, passed, passed, passed]
🔗 Match : [passed] -> When the user adds "<product>" to the cart
🔗 Match : [passed] -> Then the cart badge should show 1 item
]]></system-out>
    <system-err><![CDATA[mai 18, 2026 1:22:43 AM org.openqa.selenium.devtools.CdpVersionFinder findNearestMatch
WARNING: Unable to find CDP implementation matching 148
mai 18, 2026 1:22:43 AM org.openqa.selenium.chromium.ChromiumDriver lambda$new$5
WARNING: Unable to find version of CDP to use for 148.0.7778.168. You may need to include a dependency on a specific version of the CDP using something similar to `org.seleniumhq.selenium:selenium-devtools-v86:4.12.1` where the version ("v86") matches the version of the chromium-based browser you're using and the version number of the artifact is the same as Selenium's.
]]></system-err>
  </testcase>
  <testcase name="Complete purchase" classname="SauceDemo E-commerce Full Flow" time="14.566">
    <error message="Expected condition failed: waiting for element to be clickable: By.cssSelector: button[id^=&apos;add-to-cart&apos;] (tried for 5 second(s) with 500 milliseconds interval)&#10;Build info: version: &apos;4.12.1&apos;, revision: &apos;8e34639b11&apos;&#10;System info: os.name: &apos;Windows 11&apos;, os.arch: &apos;amd64&apos;, os.version: &apos;10.0&apos;, java.version: &apos;23.0.2&apos;&#10;Driver info: org.openqa.selenium.chrome.ChromeDriver&#10;Capabilities {acceptInsecureCerts: false, browserName: chrome, browserVersion: 148.0.7778.168, chrome: {chromedriverVersion: 148.0.7778.167 (65db666ac2c..., userDataDir: C:/Users/lenovo/Desktop/PFE...}, fedcm:accounts: true, goog:chromeOptions: {debuggerAddress: localhost:14804}, goog:processID: 21372, networkConnectionEnabled: false, pageLoadStrategy: normal, platformName: windows, proxy: Proxy(), se:cdp: ws://localhost:14804/devtoo..., se:cdpVersion: 148.0.7778.168, setWindowRect: true, strictFileInteractability: false, timeouts: {implicit: 0, pageLoad: 300000, script: 30000}, unhandledPromptBehavior: dismiss and notify, webauthn:extension:credBlob: true, webauthn:extension:largeBlob: true, webauthn:extension:minPinLength: true, webauthn:extension:prf: true, webauthn:virtualAuthenticators: true}&#10;Session ID: 7ce60ecec8164617b0038b80a3023708" type="org.openqa.selenium.TimeoutException"><![CDATA[org.openqa.selenium.TimeoutException: 
Expected condition failed: waiting for element to be clickable: By.cssSelector: button[id^='add-to-cart'] (tried for 5 second(s) with 500 milliseconds interval)
Build info: version: '4.12.1', revision: '8e34639b11'
System info: os.name: 'Windows 11', os.arch: 'amd64', os.version: '10.0', java.version: '23.0.2'
Driver info: org.openqa.selenium.chrome.ChromeDriver
Capabilities {acceptInsecureCerts: false, browserName: chrome, browserVersion: 148.0.7778.168, chrome: {chromedriverVersion: 148.0.7778.167 (65db666ac2c..., userDataDir: C:/Users/lenovo/Desktop/PFE...}, fedcm:accounts: true, goog:chromeOptions: {debuggerAddress: localhost:14804}, goog:processID: 21372, networkConnectionEnabled: false, pageLoadStrategy: normal, platformName: windows, proxy: Proxy(), se:cdp: ws://localhost:14804/devtoo..., se:cdpVersion: 148.0.7778.168, setWindowRect: true, strictFileInteractability: false, timeouts: {implicit: 0, pageLoad: 300000, script: 30000}, unhandledPromptBehavior: dismiss and notify, webauthn:extension:credBlob: true, webauthn:extension:largeBlob: true, webauthn:extension:minPinLength: true, webauthn:extension:prf: true, webauthn:virtualAuthenticators: true}
Session ID: 7ce60ecec8164617b0038b80a3023708
	at org.openqa.selenium.support.ui.WebDriverWait.timeoutException(WebDriverWait.java:84)
	at org.openqa.selenium.support.ui.FluentWait.until(FluentWait.java:230)
	at pages.SauceDemoInventoryPage.addFirstProductToCart(SauceDemoInventoryPage.java:35)
	at StepDefinitions.SauceDemoStep.addFirstProduct(SauceDemoStep.java:68)
	at ✽.the user adds the first product to the cart(file:///C:/Users/lenovo/Desktop/PFE%202026/Projet/Smart-QA-Assistant/gherkin-QA/demo/src/test/resources/features/saucedemo.feature:29)
]]></error>
    <system-out><![CDATA[📊 Statuts détectés par Cucumber : [passed, passed, passed, passed, passed, passed, passed, failed, skipped, skipped, skipped, skipped, skipped, skipped]
🔗 Match : [passed] -> When the user adds the first product to the cart
🔗 Match : [passed] -> And the user goes to the cart
🔗 Match : [passed] -> And the user clicks on checkout
🔗 Match : [passed] -> And the user fills checkout information with "John" "Doe" "12345"
🔗 Match : [passed] -> And the user clicks continue
🔗 Match : [passed] -> And the user clicks finish
🔗 Match : [passed] -> Then the user should see order confirmation message
]]></system-out>
    <system-err><![CDATA[mai 18, 2026 1:22:52 AM org.openqa.selenium.devtools.CdpVersionFinder findNearestMatch
WARNING: Unable to find CDP implementation matching 148
mai 18, 2026 1:22:52 AM org.openqa.selenium.chromium.ChromiumDriver lambda$new$5
WARNING: Unable to find version of CDP to use for 148.0.7778.168. You may need to include a dependency on a specific version of the CDP using something similar to `org.seleniumhq.selenium:selenium-devtools-v86:4.12.1` where the version ("v86") matches the version of the chromium-based browser you're using and the version number of the artifact is the same as Selenium's.
]]></system-err>
  </testcase>
  <testcase name="Successful logout" classname="SauceDemo E-commerce Full Flow" time="3.624">
    <error message="Cannot invoke &quot;org.openqa.selenium.JavascriptExecutor.executeScript(String, Object[])&quot; because &quot;this.js&quot; is null" type="java.lang.NullPointerException"><![CDATA[java.lang.NullPointerException: Cannot invoke "org.openqa.selenium.JavascriptExecutor.executeScript(String, Object[])" because "this.js" is null
	at pages.SauceDemoInventoryPage.openMenu(SauceDemoInventoryPage.java:76)
	at StepDefinitions.SauceDemoStep.openMenu(SauceDemoStep.java:159)
	at ✽.the user clicks on the menu(file:///C:/Users/lenovo/Desktop/PFE%202026/Projet/Smart-QA-Assistant/gherkin-QA/demo/src/test/resources/features/saucedemo.feature:39)
]]></error>
    <system-out><![CDATA[📊 Statuts détectés par Cucumber : [passed, passed, passed, passed, passed, passed, passed, failed, skipped, skipped]
🔗 Match : [passed] -> When the user clicks on the menu
🔗 Match : [passed] -> And the user clicks logout
🔗 Match : [passed] -> Then the user should be redirected to the login page
]]></system-out>
    <system-err><![CDATA[mai 18, 2026 1:23:07 AM org.openqa.selenium.devtools.CdpVersionFinder findNearestMatch
WARNING: Unable to find CDP implementation matching 148
mai 18, 2026 1:23:07 AM org.openqa.selenium.chromium.ChromiumDriver lambda$new$5
WARNING: Unable to find version of CDP to use for 148.0.7778.168. You may need to include a dependency on a specific version of the CDP using something similar to `org.seleniumhq.selenium:selenium-devtools-v86:4.12.1` where the version ("v86") matches the version of the chromium-based browser you're using and the version number of the artifact is the same as Selenium's.
]]></system-err>
  </testcase>
  <testcase name="SauceDemo Login" classname="saucedemo login" time="3.203">
    <system-out><![CDATA[📊 Statuts détectés par Cucumber : [passed, passed, passed, passed, passed, passed]
🔗 Match : [passed] -> Given the user is on the SauceDemo login page
🔗 Match : [passed] -> When the user enters username as "standard_user" on SauceDemo
🔗 Match : [passed] -> And the user enters password as "secret_sauce" on SauceDemo
🔗 Match : [passed] -> And clicks on the SauceDemo login button
🔗 Match : [passed] -> Then the user should be logged in successfully
]]></system-out>
    <system-err><![CDATA[mai 18, 2026 1:23:10 AM org.openqa.selenium.devtools.CdpVersionFinder findNearestMatch
WARNING: Unable to find CDP implementation matching 148
mai 18, 2026 1:23:10 AM org.openqa.selenium.chromium.ChromiumDriver lambda$new$5
WARNING: Unable to find version of CDP to use for 148.0.7778.168. You may need to include a dependency on a specific version of the CDP using something similar to `org.seleniumhq.selenium:selenium-devtools-v86:4.12.1` where the version ("v86") matches the version of the chromium-based browser you're using and the version number of the artifact is the same as Selenium's.
]]></system-err>
  </testcase>
</testsuite>